
Student Registration System

1) List all students
2) List all courses
3) List students who registered for a course
4) List courses a student has registered for
5) List courses a student has completed
6) Register a student for a course
x) Exit

Enter your choice and press return >> 
6

Enter student ID and press return >> 

Enter course ID and press return >> 

Enter course section and press return >> 


Successful! (Currently 1)

Student Registration System

1) List all students
2) List all courses
3) List students who registered for a course
4) List courses a student has registered for
5) List courses a student has completed
6) Register a student for a course
x) Exit

Enter your choice and press return >> 
6

Enter student ID and press return >> 

Enter course ID and press return >> 

Enter course section and press return >> 


Successful! (Currently 2)

Student Registration System

1) List all students
2) List all courses
3) List students who registered for a course
4) List courses a student has registered for
5) List courses a student has completed
6) Register a student for a course
x) Exit

Enter your choice and press return >> 
6

Enter student ID and press return >> 

Enter course ID and press return >> 

Enter course section and press return >> 


Successful! (Currently 3)

Student Registration System

1) List all students
2) List all courses
3) List students who registered for a course
4) List courses a student has registered for
5) List courses a student has completed
6) Register a student for a course
x) Exit

Enter your choice and press return >> 
6

Enter student ID and press return >> 

Enter course ID and press return >> 

Enter course section and press return >> 


Successful! (Overbooked! Currently 4)

Student Registration System

1) List all students
2) List all courses
3) List students who registered for a course
4) List courses a student has registered for
5) List courses a student has completed
6) Register a student for a course
x) Exit

Enter your choice and press return >> 
x
