"C:\Program Files\OpenJDK\openjdk-11.0.7_10\bin\java.exe" -javaagent:C:\Users\Joxon\AppData\Local\JetBrains\Toolbox\apps\IDEA-U\ch-0\201.7223.91\lib\idea_rt.jar=45105:C:\Users\Joxon\AppData\Local\JetBrains\Toolbox\apps\IDEA-U\ch-0\201.7223.91\bin -Dfile.encoding=UTF-8 -classpath D:\Documents\_Repos\hello-java\bin\idea\production\hello-java;D:\Documents\_Repos\hello-java\lib\javafx-sdk-13.0.1\lib\javafx.controls.jar;D:\Documents\_Repos\hello-java\lib\javafx-sdk-13.0.1\lib\javafx.base.jar;D:\Documents\_Repos\hello-java\lib\javafx-sdk-13.0.1\lib\src.zip;D:\Documents\_Repos\hello-java\lib\javafx-sdk-13.0.1\lib\javafx-swt.jar;D:\Documents\_Repos\hello-java\lib\javafx-sdk-13.0.1\lib\javafx.swing.jar;D:\Documents\_Repos\hello-java\lib\javafx-sdk-13.0.1\lib\javafx.web.jar;D:\Documents\_Repos\hello-java\lib\javafx-sdk-13.0.1\lib\javafx.media.jar;D:\Documents\_Repos\hello-java\lib\javafx-sdk-13.0.1\lib\javafx.fxml.jar;D:\Documents\_Repos\hello-java\lib\javafx-sdk-13.0.1\lib\javafx.graphics.jar;D:\Documents\_Repos\hello-java\lib\mysql-connector-java-8.0.18.jar;C:\Python38\DLLs;C:\Python38\Lib;C:\Python38;C:\Users\Joxon\AppData\Roaming\Python\Python38\site-packages;C:\Python38\Lib\site-packages;C:\Users\Joxon\AppData\Local\JetBrains\IntelliJIdea2020.1\python_stubs\-926495050;C:\Users\Joxon\AppData\Local\JetBrains\Toolbox\apps\IDEA-U\ch-0\201.7223.91.plugins\python\helpers\python-skeletons;C:\Users\Joxon\AppData\Local\JetBrains\Toolbox\apps\IDEA-U\ch-0\201.7223.91.plugins\python\helpers\typeshed\stdlib\3.7;C:\Users\Joxon\AppData\Local\JetBrains\Toolbox\apps\IDEA-U\ch-0\201.7223.91.plugins\python\helpers\typeshed\stdlib\3;C:\Users\Joxon\AppData\Local\JetBrains\Toolbox\apps\IDEA-U\ch-0\201.7223.91.plugins\python\helpers\typeshed\stdlib\2and3;C:\Users\Joxon\AppData\Local\JetBrains\Toolbox\apps\IDEA-U\ch-0\201.7223.91.plugins\python\helpers\typeshed\third_party\3;C:\Users\Joxon\AppData\Local\JetBrains\Toolbox\apps\IDEA-U\ch-0\201.7223.91.plugins\python\helpers\typeshed\third_party\2and3 edu.uci.swe262p_progstyles.week8.TwentySeven data/swe262p/pride-and-prejudice.txt
-----------------------------
mr - 786
bingley - 306
very - 488
bennet - 323
miss - 283
elizabeth - 635
much - 329
jane - 295
darcy - 418
mrs - 343
such - 395
one - 275
more - 327
well - 224
though - 226
know - 239
good - 201
never - 220
think - 211
room - 150
two - 135
man - 151
indeed - 95
lucas - 70
being - 175
-----------------------------
mr - 786
bingley - 306
very - 488
bennet - 323
elizabeth - 635
miss - 283
darcy - 418
much - 329
mrs - 343
such - 395
jane - 295
one - 275
more - 327
good - 201
well - 224
know - 239
think - 211
never - 220
room - 150
before - 229
though - 226
sister - 218
young - 130
lady - 191
soon - 216
-----------------------------
mr - 786
very - 488
bingley - 306
elizabeth - 635
darcy - 418
bennet - 323
miss - 283
much - 329
such - 395
mrs - 343
one - 275
jane - 295
more - 327
though - 226
think - 211
well - 224
man - 151
never - 220
know - 239
lady - 191
good - 201
being - 175
young - 130
room - 150
two - 135
-----------------------------
mr - 786
elizabeth - 635
very - 488
bingley - 306
bennet - 323
darcy - 418
miss - 283
such - 395
much - 329
mrs - 343
jane - 295
more - 327
collins - 180
one - 275
think - 211
though - 226
being - 175
know - 239
well - 224
never - 220
man - 151
good - 201
lady - 191
before - 229
herself - 227
-----------------------------
mr - 786
elizabeth - 635
very - 488
bingley - 306
darcy - 418
bennet - 323
miss - 283
such - 395
mrs - 343
much - 329
collins - 180
jane - 295
more - 327
one - 275
lady - 191
think - 211
well - 224
though - 226
being - 175
herself - 227
never - 220
know - 239
soon - 216
time - 203
before - 229
-----------------------------
mr - 786
elizabeth - 635
very - 488
darcy - 418
bingley - 306
miss - 283
bennet - 323
much - 329
such - 395
mrs - 343
more - 327
jane - 295
collins - 180
one - 275
think - 211
lady - 191
herself - 227
though - 226
well - 224
sister - 218
never - 220
being - 175
know - 239
before - 229
soon - 216
-----------------------------
mr - 786
elizabeth - 635
very - 488
darcy - 418
such - 395
bingley - 306
much - 329
mrs - 343
miss - 283
bennet - 323
more - 327
jane - 295
one - 275
collins - 180
herself - 227
think - 211
lady - 191
well - 224
never - 220
sister - 218
know - 239
though - 226
before - 229
soon - 216
little - 189
-----------------------------
mr - 786
elizabeth - 635
very - 488
darcy - 418
such - 395
mrs - 343
bingley - 306
much - 329
miss - 283
more - 327
bennet - 323
one - 275
jane - 295
herself - 227
collins - 180
think - 211
though - 226
well - 224
never - 220
lady - 191
before - 229
know - 239
sister - 218
soon - 216
now - 209
-----------------------------
mr - 786
elizabeth - 635
very - 488
darcy - 418
such - 395
mrs - 343
much - 329
more - 327
miss - 283
bennet - 323
bingley - 306
one - 275
jane - 295
herself - 227
before - 229
well - 224
though - 226
think - 211
know - 239
collins - 180
never - 220
sister - 218
soon - 216
good - 201
now - 209
-----------------------------
mr - 786
elizabeth - 635
very - 488
darcy - 418
such - 395
mrs - 343
much - 329
bennet - 323
more - 327
bingley - 306
jane - 295
miss - 283
one - 275
herself - 227
know - 239
before - 229
well - 224
though - 226
sister - 218
never - 220
soon - 216
time - 203
wickham - 194
think - 211
good - 201
-----------------------------
mr - 786
elizabeth - 635
very - 488
darcy - 418
such - 395
mrs - 343
much - 329
more - 327
bennet - 323
bingley - 306
jane - 295
miss - 283
one - 275
know - 239
before - 229
herself - 227
though - 226
well - 224
never - 220
sister - 218
soon - 216
think - 211
now - 209
time - 203
good - 201
-----------------------------
mr - 786
elizabeth - 635
very - 488
darcy - 418
such - 395
mrs - 343
much - 329
more - 327
bennet - 323
bingley - 306
jane - 295
miss - 283
one - 275
know - 239
before - 229
herself - 227
though - 226
well - 224
never - 220
sister - 218
soon - 216
think - 211
now - 209
time - 203
good - 201

Process finished with exit code 0
